<?xml version="1.0" encoding="UTF-8"?>
<!-- Generated by org.testng.reporters.JUnitXMLReporter -->

<testsuite ignored="0" hostname="DESKTOP-NSJ1APJ" failures="0" tests="2" name="Default test" time="5.902" errors="0" timestamp="2023-09-30T05:32:18 PDT">
  <testcase classname="com.facebook.pageObjectModel_LoginTests.LoginTest" name="validLoginTest" time="0.322"/>
  <testcase classname="com.facebook.pageObjectModel_LoginTests.LoginTest" name="invalidLoginTest" time="0.282"/>

<testsuite ignored="0" hostname="DESKTOP-NSJ1APJ" failures="0" tests="1" name="Default test" time="3.818" errors="0" timestamp="2023-09-30T17:32:25 PDT">
  <testcase classname="com.facebook.locators.XpathIndexing" name="indexingMechanism" time="0.495"/>

</testsuite> <!-- Default test -->
