<?xml version="1.0" encoding="UTF-8"?>
<!-- Generated by org.testng.reporters.JUnitXMLReporter -->
<testsuite ignored="0" hostname="DESKTOP-NSJ1APJ" failures="0" tests="3" name="Default test" time="7.974" errors="0" timestamp="2023-09-30T18:48:29 PDT">
  <testcase classname="pom_PageFactory.LoginTestWithPageFactory" name="boundaryLoginTest" time="0.256"/>
  <testcase classname="pom_PageFactory.LoginTestWithPageFactory" name="inValidLoginTest" time="0.214"/>
  <testcase classname="pom_PageFactory.LoginTestWithPageFactory" name="validLoginTest" time="0.199"/>
</testsuite> <!-- Default test -->
