<?xml version="1.0" encoding="UTF-8"?>
<testng-results ignored="0" total="3" passed="3" failed="0" skipped="0">
  <reporter-output>
  </reporter-output>
  <suite started-at="2023-09-16T06:06:33 PDT" name="Default suite" finished-at="2023-09-16T06:06:37 PDT" duration-ms="4027">
    <groups>
    </groups>
    <test started-at="2023-09-16T06:06:33 PDT" name="Default test" finished-at="2023-09-16T06:06:37 PDT" duration-ms="4027">
      <class name="com.facebook.locators.DoubleXpath">
        <test-method is-config="true" signature="openFacebook()[pri:0, instance:com.facebook.locators.DoubleXpath@6989da5e]" started-at="2023-09-16T06:06:33 PDT" name="openFacebook" finished-at="2023-09-16T06:06:36 PDT" duration-ms="3220" status="PASS">
          <reporter-output>
          </reporter-output>
        </test-method> <!-- openFacebook -->
        <test-method signature="andCondition()[pri:0, instance:com.facebook.locators.DoubleXpath@6989da5e]" started-at="2023-09-16T06:06:36 PDT" name="andCondition" finished-at="2023-09-16T06:06:36 PDT" duration-ms="67" status="PASS">
          <reporter-output>
          </reporter-output>
        </test-method> <!-- andCondition -->
        <test-method signature="doublexPathTest()[pri:0, instance:com.facebook.locators.DoubleXpath@6989da5e]" started-at="2023-09-16T06:06:36 PDT" name="doublexPathTest" finished-at="2023-09-16T06:06:37 PDT" duration-ms="617" status="PASS">
          <reporter-output>
          </reporter-output>
        </test-method> <!-- doublexPathTest -->
        <test-method signature="orCondition()[pri:0, instance:com.facebook.locators.DoubleXpath@6989da5e]" started-at="2023-09-16T06:06:37 PDT" name="orCondition" finished-at="2023-09-16T06:06:37 PDT" duration-ms="74" status="PASS">
          <reporter-output>
          </reporter-output>
        </test-method> <!-- orCondition -->
      </class> <!-- com.facebook.locators.DoubleXpath -->
    </test> <!-- Default test -->
  </suite> <!-- Default suite -->
</testng-results>
