<?xml version="1.0" encoding="UTF-8"?>
<testng-results ignored="0" total="2" passed="2" failed="0" skipped="0">
  <reporter-output>
  </reporter-output>
  <suite started-at="2023-09-30T05:32:12 PDT" name="Default suite" finished-at="2023-09-30T05:32:18 PDT" duration-ms="5902">
    <groups>
    </groups>
    <test started-at="2023-09-30T05:32:12 PDT" name="Default test" finished-at="2023-09-30T05:32:18 PDT" duration-ms="5902">
      <class name="com.facebook.pageObjectModel_LoginTests.LoginTest">
        <test-method is-config="true" signature="openApp()[pri:0, instance:com.facebook.pageObjectModel_LoginTests.LoginTest@5b7a5baa]" started-at="2023-09-30T05:32:12 PDT" name="openApp" finished-at="2023-09-30T05:32:15 PDT" duration-ms="2982" status="PASS">
          <reporter-output>
          </reporter-output>
        </test-method> <!-- openApp -->
        <test-method signature="validLoginTest()[pri:1, instance:com.facebook.pageObjectModel_LoginTests.LoginTest@5b7a5baa]" started-at="2023-09-30T05:32:15 PDT" name="validLoginTest" finished-at="2023-09-30T05:32:15 PDT" duration-ms="322" status="PASS">
          <reporter-output>
          </reporter-output>
        </test-method> <!-- validLoginTest -->
        <test-method is-config="true" signature="closeApp()[pri:0, instance:com.facebook.pageObjectModel_LoginTests.LoginTest@5b7a5baa]" started-at="2023-09-30T05:32:15 PDT" name="closeApp" finished-at="2023-09-30T05:32:16 PDT" duration-ms="256" status="PASS">
          <reporter-output>
          </reporter-output>
        </test-method> <!-- closeApp -->
        <test-method is-config="true" signature="openApp()[pri:0, instance:com.facebook.pageObjectModel_LoginTests.LoginTest@5b7a5baa]" started-at="2023-09-30T05:32:16 PDT" name="openApp" finished-at="2023-09-30T05:32:18 PDT" duration-ms="1797" status="PASS">
          <reporter-output>
          </reporter-output>
        </test-method> <!-- openApp -->
        <test-method signature="invalidLoginTest()[pri:2, instance:com.facebook.pageObjectModel_LoginTests.LoginTest@5b7a5baa]" started-at="2023-09-30T05:32:18 PDT" name="invalidLoginTest" finished-at="2023-09-30T05:32:18 PDT" duration-ms="282" status="PASS">
          <reporter-output>
          </reporter-output>
        </test-method> <!-- invalidLoginTest -->
        <test-method is-config="true" signature="closeApp()[pri:0, instance:com.facebook.pageObjectModel_LoginTests.LoginTest@5b7a5baa]" started-at="2023-09-30T05:32:18 PDT" name="closeApp" finished-at="2023-09-30T05:32:18 PDT" duration-ms="214" status="PASS">
          <reporter-output>
          </reporter-output>
        </test-method> <!-- closeApp -->
      </class> <!-- com.facebook.pageObjectModel_LoginTests.LoginTest -->
    </test> <!-- Default test -->
  </suite> <!-- Default suite -->
</testng-results>
